libs/ClanBase/build/outputs/mapping/release/seeds.txt
com.youzu.clan.base.json.search.SearchUserVariables
com.youzu.clan.base.json.search.SearchUserVariables: long serialVersionUID
com.youzu.clan.base.json.search.SearchUserVariables: java.util.ArrayList userList
com.youzu.clan.base.json.search.SearchUserVariables: SearchUserVariables()
com.youzu.clan.base.json.search.SearchUserVariables: java.util.ArrayList getUserList()
com.youzu.clan.base.json.search.SearchUserVariables: void setUserList(java.util.ArrayList)
com.youzu.clan.base.json.search.SearchUserVariables: java.util.List getList()
com.youzu.clan.base.json.search.User
com.youzu.clan.base.json.search.User: long serialVersionUID
com.youzu.clan.base.json.search.User: java.lang.String uid
com.youzu.clan.base.json.search.User: java.lang.String username
com.youzu.clan.base.json.search.User: java.lang.String adminid
com.youzu.clan.base.json.search.User: java.lang.String groupid
com.youzu.clan.base.json.search.User: java.lang.String avatar
com.youzu.clan.base.json.search.User: java.lang.String groupname
com.youzu.clan.base.json.search.User: User()
com.youzu.clan.base.json.search.User: java.lang.String getUid()
com.youzu.clan.base.json.search.User: void setUid(java.lang.String)
com.youzu.clan.base.json.search.User: java.lang.String getUsername()
com.youzu.clan.base.json.search.User: void setUsername(java.lang.String)
com.youzu.clan.base.json.search.User: java.lang.String getAdminid()
com.youzu.clan.base.json.search.User: void setAdminid(java.lang.String)
com.youzu.clan.base.json.search.User: java.lang.String getGroupid()
com.youzu.clan.base.json.search.User: void setGroupid(java.lang.String)
com.youzu.clan.base.json.search.User: java.lang.String getAvatar()
com.youzu.clan.base.json.search.User: void setAvatar(java.lang.String)
com.youzu.clan.base.json.search.User: java.lang.String getGroupname()
com.youzu.clan.base.json.search.User: void setGroupname(java.lang.String)
com.youzu.clan.base.json.signin.SignInJson
com.youzu.clan.base.json.signin.SignInJson: com.youzu.clan.base.json.signin.SignInVariables2 Variables
com.youzu.clan.base.json.signin.SignInJson: SignInJson()
com.youzu.clan.base.json.signin.SignInJson: com.youzu.clan.base.json.signin.SignInVariables2 getVariables()
com.youzu.clan.base.json.signin.SignInJson: void setVariables(com.youzu.clan.base.json.signin.SignInVariables2)
com.youzu.clan.base.json.signin.SignInJson: com.youzu.clan.base.json.model.Variables getVariables()
com.youzu.clan.base.json.signin.SignInVariables2
com.youzu.clan.base.json.signin.SignInVariables2: java.lang.String status
com.youzu.clan.base.json.signin.SignInVariables2: java.lang.String checkinEnabled
com.youzu.clan.base.json.signin.SignInVariables2: java.lang.String checked
com.youzu.clan.base.json.signin.SignInVariables2: java.lang.String message
com.youzu.clan.base.json.signin.SignInVariables2: java.lang.String days
com.youzu.clan.base.json.signin.SignInVariables2: java.lang.String credit
com.youzu.clan.base.json.signin.SignInVariables2: java.lang.String bonus_days
com.youzu.clan.base.json.signin.SignInVariables2: java.lang.String bonus_plus
com.youzu.clan.base.json.signin.SignInVariables2: java.lang.String title
com.youzu.clan.base.json.signin.SignInVariables2: SignInVariables2()
com.youzu.clan.base.json.signin.SignInVariables2: java.lang.String getStatus()
com.youzu.clan.base.json.signin.SignInVariables2: void setStatus(java.lang.String)
com.youzu.clan.base.json.signin.SignInVariables2: java.lang.String getCheckinEnabled()
com.youzu.clan.base.json.signin.SignInVariables2: void setCheckinEnabled(java.lang.String)
com.youzu.clan.base.json.signin.SignInVariables2: java.lang.String getChecked()
com.youzu.clan.base.json.signin.SignInVariables2: void setChecked(java.lang.String)
com.youzu.clan.base.json.signin.SignInVariables2: java.lang.String getMessage()
com.youzu.clan.base.json.signin.SignInVariables2: void setMessage(java.lang.String)