libs/ClanBase/build/outputs/mapping/release/mapping.txt
com.youzu.clan.base.R$string -> com.youzu.clan.base.R$string:
    int abc_action_bar_home_description -> abc_action_bar_home_description
    int abc_action_bar_home_description_format -> abc_action_bar_home_description_format
    int abc_action_bar_home_subtitle_description_format -> abc_action_bar_home_subtitle_description_format
    int abc_action_bar_up_description -> abc_action_bar_up_description
    int abc_action_menu_overflow_description -> abc_action_menu_overflow_description
    int abc_action_mode_done -> abc_action_mode_done
    int abc_activity_chooser_view_see_all -> abc_activity_chooser_view_see_all
    int abc_activitychooserview_choose_application -> abc_activitychooserview_choose_application
    int abc_search_hint -> abc_search_hint
    int abc_searchview_description_clear -> abc_searchview_description_clear
    int abc_searchview_description_query -> abc_searchview_description_query
    int abc_searchview_description_search -> abc_searchview_description_search
    int abc_searchview_description_submit -> abc_searchview_description_submit
    int abc_searchview_description_voice -> abc_searchview_description_voice
    int abc_shareactionprovider_share_with -> abc_shareactionprovider_share_with
    int abc_shareactionprovider_share_with_application -> abc_shareactionprovider_share_with_application
    int abc_toolbar_collapse_description -> abc_toolbar_collapse_description
    int account -> account
    int action_settings -> action_settings
com.youzu.clan.base.R$style -> com.youzu.clan.base.R$style:
    int AlertDialog_AppCompat -> AlertDialog_AppCompat
    int AlertDialog_AppCompat_Light -> AlertDialog_AppCompat_Light
    int Animation_AppCompat_Dialog -> Animation_AppCompat_Dialog
    int Animation_AppCompat_DropDownUp -> Animation_AppCompat_DropDownUp
    int AppBaseTheme -> AppBaseTheme
    int AppTheme -> AppTheme
    int Base_AlertDialog_AppCompat -> Base_AlertDialog_AppCompat
    int Base_AlertDialog_AppCompat_Light -> Base_AlertDialog_AppCompat_Light
    int Base_Animation_AppCompat_Dialog -> Base_Animation_AppCompat_Dialog
    int Base_Animation_AppCompat_DropDownUp -> Base_Animation_AppCompat_DropDownUp
    int Base_DialogWindowTitle_AppCompat -> Base_DialogWindowTitle_AppCompat
    int Base_DialogWindowTitleBackground_AppCompat -> Base_DialogWindowTitleBackground_AppCompat
    int Base_TextAppearance_AppCompat -> Base_TextAppearance_AppCompat
    int Base_TextAppearance_AppCompat_Body1 -> Base_TextAppearance_AppCompat_Body1
    int Base_TextAppearance_AppCompat_Body2 -> Base_TextAppearance_AppCompat_Body2
    int Base_TextAppearance_AppCompat_Button -> Base_TextAppearance_AppCompat_Button
    int Base_TextAppearance_AppCompat_Caption -> Base_TextAppearance_AppCompat_Caption
    int Base_TextAppearance_AppCompat_Display1 -> Base_TextAppearance_AppCompat_Display1
    int Base_TextAppearance_AppCompat_Display2 -> Base_TextAppearance_AppCompat_Display2