libs/ClanBase/build/outputs/mapping/release/usage.txt
com.nostra13.universalimageloader.core.LoadAndDisplayImageTask:
    private static final java.lang.String LOG_WAITING_FOR_RESUME
    private static final java.lang.String LOG_RESUME_AFTER_PAUSE
    private static final java.lang.String LOG_DELAY_BEFORE_LOADING
    private static final java.lang.String LOG_START_DISPLAY_IMAGE_TASK
    private static final java.lang.String LOG_WAITING_FOR_IMAGE_LOADED
    private static final java.lang.String LOG_GET_IMAGE_FROM_MEMORY_CACHE_AFTER_WAITING
    private static final java.lang.String LOG_LOAD_IMAGE_FROM_NETWORK
    private static final java.lang.String LOG_LOAD_IMAGE_FROM_DISK_CACHE
    private static final java.lang.String LOG_RESIZE_CACHED_IMAGE_FILE
    private static final java.lang.String LOG_PREPROCESS_IMAGE
    private static final java.lang.String LOG_POSTPROCESS_IMAGE
    private static final java.lang.String LOG_CACHE_IMAGE_IN_MEMORY
    private static final java.lang.String LOG_CACHE_IMAGE_ON_DISK
    private static final java.lang.String LOG_PROCESS_IMAGE_BEFORE_CACHE_ON_DISK
    private static final java.lang.String LOG_TASK_CANCELLED_IMAGEAWARE_REUSED
    private static final java.lang.String LOG_TASK_CANCELLED_IMAGEAWARE_COLLECTED
    private static final java.lang.String LOG_TASK_INTERRUPTED
    private static final java.lang.String ERROR_NO_IMAGE_STREAM
    private static final java.lang.String ERROR_PRE_PROCESSOR_NULL
    private static final java.lang.String ERROR_POST_PROCESSOR_NULL
com.nostra13.universalimageloader.core.ProcessAndDisplayImageTask:
    private static final java.lang.String LOG_POSTPROCESS_IMAGE
com.nostra13.universalimageloader.core.assist.ImageSize:
    private static final int TO_STRING_MAX_LENGHT
    private static final java.lang.String SEPARATOR
com.nostra13.universalimageloader.core.assist.ViewScaleType:
    59:70:public static com.nostra13.universalimageloader.core.assist.ViewScaleType fromImageView(android.widget.ImageView)
com.nostra13.universalimageloader.core.assist.ViewScaleType$1
com.nostra13.universalimageloader.core.assist.deque.BlockingDeque:
    public abstract void addFirst(java.lang.Object)
    public abstract void addLast(java.lang.Object)
    public abstract boolean offerFirst(java.lang.Object)
    public abstract boolean offerLast(java.lang.Object)
    public abstract void putFirst(java.lang.Object)
    public abstract void putLast(java.lang.Object)
    public abstract boolean offerFirst(java.lang.Object,long,java.util.concurrent.TimeUnit)
    public abstract boolean offerLast(java.lang.Object,long,java.util.concurrent.TimeUnit)
    public abstract java.lang.Object takeFirst()
    public abstract java.lang.Object takeLast()
    public abstract java.lang.Object pollFirst(long,java.util.concurrent.TimeUnit)
    public abstract java.lang.Object pollLast(long,java.util.concurrent.TimeUnit)
    public abstract boolean removeFirstOccurrence(java.lang.Object)
    public abstract boolean removeLastOccurrence(java.lang.Object)
    public abstract boolean add(java.lang.Object)
    public abstract boolean offer(java.lang.Object)
    public abstract void put(java.lang.Object)
    public abstract boolean offer(java.lang.Object,long,java.util.concurrent.TimeUnit)
    public abstract java.lang.Object remove()
    public abstract java.lang.Object poll()
    public abstract java.lang.Object take()
    public abstract java.lang.Object poll(long,java.util.concurrent.TimeUnit)
    public abstract java.lang.Object element()